<?xml version="1.0" encoding="UTF-8"?>
<testsuite xmlns:xsi="http://www.w3.org/2001/XMLSchema-instance" xsi:noNamespaceSchemaLocation="https://maven.apache.org/surefire/maven-surefire-plugin/xsd/surefire-test-report-3.0.xsd" version="3.0" name="com.example.PaperPal.PaperPalApplicationTests" time="19.956" tests="1" errors="0" skipped="0" failures="0">
  <properties>
    <property name="java.specification.version" value="17"/>
    <property name="sun.cpu.isalist" value="amd64"/>
    <property name="sun.jnu.encoding" value="Cp1252"/>
    <property name="java.class.path" value="C:\Users\Medhansh Sharma\Desktop\PaperPal\target\test-classes;C:\Users\Medhansh Sharma\Desktop\PaperPal\target\classes;C:\Users\Medhansh Sharma\.m2\repository\org\springframework\boot\spring-boot-starter-data-mongodb\3.2.9\spring-boot-starter-data-mongodb-3.2.9.jar;C:\Users\Medhansh Sharma\.m2\repository\org\springframework\boot\spring-boot-starter\3.2.9\spring-boot-starter-3.2.9.jar;C:\Users\Medhansh Sharma\.m2\repository\org\springframework\boot\spring-boot\3.2.9\spring-boot-3.2.9.jar;C:\Users\Medhansh Sharma\.m2\repository\org\springframework\boot\spring-boot-autoconfigure\3.2.9\spring-boot-autoconfigure-3.2.9.jar;C:\Users\Medhansh Sharma\.m2\repository\org\springframework\boot\spring-boot-starter-logging\3.2.9\spring-boot-starter-logging-3.2.9.jar;C:\Users\Medhansh Sharma\.m2\repository\ch\qos\logback\logback-classic\1.4.14\logback-classic-1.4.14.jar;C:\Users\Medhansh Sharma\.m2\repository\ch\qos\logback\logback-core\1.4.14\logback-core-1.4.14.jar;C:\Users\Medhansh Sharma\.m2\repository\org\apache\logging\log4j\log4j-to-slf4j\2.21.1\log4j-to-slf4j-2.21.1.jar;C:\Users\Medhansh Sharma\.m2\repository\org\apache\logging\log4j\log4j-api\2.21.1\log4j-api-2.21.1.jar;C:\Users\Medhansh Sharma\.m2\repository\org\slf4j\jul-to-slf4j\2.0.16\jul-to-slf4j-2.0.16.jar;C:\Users\Medhansh Sharma\.m2\repository\jakarta\annotation\jakarta.annotation-api\2.1.1\jakarta.annotation-api-2.1.1.jar;C:\Users\Medhansh Sharma\.m2\repository\org\yaml\snakeyaml\2.2\snakeyaml-2.2.jar;C:\Users\Medhansh Sharma\.m2\repository\org\mongodb\mongodb-driver-sync\4.11.3\mongodb-driver-sync-4.11.3.jar;C:\Users\Medhansh Sharma\.m2\repository\org\mongodb\bson\4.11.3\bson-4.11.3.jar;C:\Users\Medhansh Sharma\.m2\repository\org\mongodb\mongodb-driver-core\4.11.3\mongodb-driver-core-4.11.3.jar;C:\Users\Medhansh Sharma\.m2\repository\org\mongodb\bson-record-codec\4.11.3\bson-record-codec-4.11.3.jar;C:\Users\Medhansh Sharma\.m2\repository\org\springframework\data\spring-data-mongodb\4.2.9\spring-data-mongodb-4.2.9.jar;C:\Users\Medhansh Sharma\.m2\repository\org\springframework\spring-tx\6.1.12\spring-tx-6.1.12.jar;C:\Users\Medhansh Sharma\.m2\repository\org\springframework\spring-context\6.1.12\spring-context-6.1.12.jar;C:\Users\Medhansh Sharma\.m2\repository\org\springframework\spring-beans\6.1.12\spring-beans-6.1.12.jar;C:\Users\Medhansh Sharma\.m2\repository\org\springframework\spring-expression\6.1.12\spring-expression-6.1.12.jar;C:\Users\Medhansh Sharma\.m2\repository\org\springframework\data\spring-data-commons\3.2.9\spring-data-commons-3.2.9.jar;C:\Users\Medhansh Sharma\.m2\repository\org\slf4j\slf4j-api\2.0.16\slf4j-api-2.0.16.jar;C:\Users\Medhansh Sharma\.m2\repository\org\springdoc\springdoc-openapi-starter-webmvc-ui\2.6.0\springdoc-openapi-starter-webmvc-ui-2.6.0.jar;C:\Users\Medhansh Sharma\.m2\repository\org\springdoc\springdoc-openapi-starter-webmvc-api\2.6.0\springdoc-openapi-starter-webmvc-api-2.6.0.jar;C:\Users\Medhansh Sharma\.m2\repository\org\springdoc\springdoc-openapi-starter-common\2.6.0\springdoc-openapi-starter-common-2.6.0.jar;C:\Users\Medhansh Sharma\.m2\repository\io\swagger\core\v3\swagger-core-jakarta\2.2.22\swagger-core-jakarta-2.2.22.jar;C:\Users\Medhansh Sharma\.m2\repository\org\apache\commons\commons-lang3\3.13.0\commons-lang3-3.13.0.jar;C:\Users\Medhansh Sharma\.m2\repository\io\swagger\core\v3\swagger-annotations-jakarta\2.2.22\swagger-annotations-jakarta-2.2.22.jar;C:\Users\Medhansh Sharma\.m2\repository\io\swagger\core\v3\swagger-models-jakarta\2.2.22\swagger-models-jakarta-2.2.22.jar;C:\Users\Medhansh Sharma\.m2\repository\jakarta\validation\jakarta.validation-api\3.0.2\jakarta.validation-api-3.0.2.jar;C:\Users\Medhansh Sharma\.m2\repository\com\fasterxml\jackson\dataformat\jackson-dataformat-yaml\2.15.4\jackson-dataformat-yaml-2.15.4.jar;C:\Users\Medhansh Sharma\.m2\repository\org\webjars\swagger-ui\5.17.14\swagger-ui-5.17.14.jar;C:\Users\Medhansh Sharma\.m2\repository\org\springframework\boot\spring-boot-starter-thymeleaf\3.2.9\spring-boot-starter-thymeleaf-3.2.9.jar;C:\Users\Medhansh Sharma\.m2\repository\org\thymeleaf\thymeleaf-spring6\3.1.2.RELEASE\thymeleaf-spring6-3.1.2.RELEASE.jar;C:\Users\Medhansh Sharma\.m2\repository\org\thymeleaf\thymeleaf\3.1.2.RELEASE\thymeleaf-3.1.2.RELEASE.jar;C:\Users\Medhansh Sharma\.m2\repository\org\attoparser\attoparser\2.0.7.RELEASE\attoparser-2.0.7.RELEASE.jar;C:\Users\Medhansh Sharma\.m2\repository\org\unbescape\unbescape\1.1.6.RELEASE\unbescape-1.1.6.RELEASE.jar;C:\Users\Medhansh Sharma\.m2\repository\org\springframework\boot\spring-boot-starter-web\3.2.9\spring-boot-starter-web-3.2.9.jar;C:\Users\Medhansh Sharma\.m2\repository\org\springframework\boot\spring-boot-starter-json\3.2.9\spring-boot-starter-json-3.2.9.jar;C:\Users\Medhansh Sharma\.m2\repository\com\fasterxml\jackson\core\jackson-databind\2.15.4\jackson-databind-2.15.4.jar;C:\Users\Medhansh Sharma\.m2\repository\com\fasterxml\jackson\core\jackson-annotations\2.15.4\jackson-annotations-2.15.4.jar;C:\Users\Medhansh Sharma\.m2\repository\com\fasterxml\jackson\core\jackson-core\2.15.4\jackson-core-2.15.4.jar;C:\Users\Medhansh Sharma\.m2\repository\com\fasterxml\jackson\datatype\jackson-datatype-jdk8\2.15.4\jackson-datatype-jdk8-2.15.4.jar;C:\Users\Medhansh Sharma\.m2\repository\com\fasterxml\jackson\datatype\jackson-datatype-jsr310\2.15.4\jackson-datatype-jsr310-2.15.4.jar;C:\Users\Medhansh Sharma\.m2\repository\com\fasterxml\jackson\module\jackson-module-parameter-names\2.15.4\jackson-module-parameter-names-2.15.4.jar;C:\Users\Medhansh Sharma\.m2\repository\org\springframework\boot\spring-boot-starter-tomcat\3.2.9\spring-boot-starter-tomcat-3.2.9.jar;C:\Users\Medhansh Sharma\.m2\repository\org\apache\tomcat\embed\tomcat-embed-core\10.1.28\tomcat-embed-core-10.1.28.jar;C:\Users\Medhansh Sharma\.m2\repository\org\apache\tomcat\embed\tomcat-embed-el\10.1.28\tomcat-embed-el-10.1.28.jar;C:\Users\Medhansh Sharma\.m2\repository\org\apache\tomcat\embed\tomcat-embed-websocket\10.1.28\tomcat-embed-websocket-10.1.28.jar;C:\Users\Medhansh Sharma\.m2\repository\org\springframework\spring-web\6.1.12\spring-web-6.1.12.jar;C:\Users\Medhansh Sharma\.m2\repository\io\micrometer\micrometer-observation\1.12.9\micrometer-observation-1.12.9.jar;C:\Users\Medhansh Sharma\.m2\repository\io\micrometer\micrometer-commons\1.12.9\micrometer-commons-1.12.9.jar;C:\Users\Medhansh Sharma\.m2\repository\org\springframework\spring-webmvc\6.1.12\spring-webmvc-6.1.12.jar;C:\Users\Medhansh Sharma\.m2\repository\org\springframework\spring-aop\6.1.12\spring-aop-6.1.12.jar;C:\Users\Medhansh Sharma\.m2\repository\org\springframework\ai\spring-ai-ollama-spring-boot-starter\1.0.0-M2\spring-ai-ollama-spring-boot-starter-1.0.0-M2.jar;C:\Users\Medhansh Sharma\.m2\repository\org\springframework\ai\spring-ai-spring-boot-autoconfigure\1.0.0-M2\spring-ai-spring-boot-autoconfigure-1.0.0-M2.jar;C:\Users\Medhansh Sharma\.m2\repository\org\springframework\ai\spring-ai-ollama\1.0.0-M2\spring-ai-ollama-1.0.0-M2.jar;C:\Users\Medhansh Sharma\.m2\repository\org\springframework\ai\spring-ai-core\1.0.0-M2\spring-ai-core-1.0.0-M2.jar;C:\Users\Medhansh Sharma\.m2\repository\io\swagger\core\v3\swagger-annotations\2.2.20\swagger-annotations-2.2.20.jar;C:\Users\Medhansh Sharma\.m2\repository\com\github\victools\jsonschema-module-swagger-2\4.35.0\jsonschema-module-swagger-2-4.35.0.jar;C:\Users\Medhansh Sharma\.m2\repository\org\springframework\cloud\spring-cloud-function-context\4.1.3\spring-cloud-function-context-4.1.3.jar;C:\Users\Medhansh Sharma\.m2\repository\net\jodah\typetools\0.6.2\typetools-0.6.2.jar;C:\Users\Medhansh Sharma\.m2\repository\org\springframework\cloud\spring-cloud-function-core\4.1.3\spring-cloud-function-core-4.1.3.jar;C:\Users\Medhansh Sharma\.m2\repository\org\json\json\20240303\json-20240303.jar;C:\Users\Medhansh Sharma\.m2\repository\org\antlr\ST4\4.3.4\ST4-4.3.4.jar;C:\Users\Medhansh Sharma\.m2\repository\org\antlr\antlr-runtime\3.5.3\antlr-runtime-3.5.3.jar;C:\Users\Medhansh Sharma\.m2\repository\org\antlr\antlr4-runtime\4.13.1\antlr4-runtime-4.13.1.jar;C:\Users\Medhansh Sharma\.m2\repository\io\projectreactor\reactor-core\3.6.9\reactor-core-3.6.9.jar;C:\Users\Medhansh Sharma\.m2\repository\org\reactivestreams\reactive-streams\1.0.4\reactive-streams-1.0.4.jar;C:\Users\Medhansh Sharma\.m2\repository\org\springframework\spring-messaging\6.1.12\spring-messaging-6.1.12.jar;C:\Users\Medhansh Sharma\.m2\repository\io\micrometer\micrometer-core\1.12.9\micrometer-core-1.12.9.jar;C:\Users\Medhansh Sharma\.m2\repository\org\hdrhistogram\HdrHistogram\2.1.12\HdrHistogram-2.1.12.jar;C:\Users\Medhansh Sharma\.m2\repository\org\latencyutils\LatencyUtils\2.0.3\LatencyUtils-2.0.3.jar;C:\Users\Medhansh Sharma\.m2\repository\com\knuddels\jtokkit\1.1.0\jtokkit-1.1.0.jar;C:\Users\Medhansh Sharma\.m2\repository\com\github\victools\jsonschema-generator\4.35.0\jsonschema-generator-4.35.0.jar;C:\Users\Medhansh Sharma\.m2\repository\com\fasterxml\classmate\1.6.0\classmate-1.6.0.jar;C:\Users\Medhansh Sharma\.m2\repository\com\github\victools\jsonschema-module-jackson\4.35.0\jsonschema-module-jackson-4.35.0.jar;C:\Users\Medhansh Sharma\.m2\repository\org\springframework\ai\spring-ai-retry\1.0.0-M2\spring-ai-retry-1.0.0-M2.jar;C:\Users\Medhansh Sharma\.m2\repository\org\springframework\retry\spring-retry\2.0.8\spring-retry-2.0.8.jar;C:\Users\Medhansh Sharma\.m2\repository\org\springframework\spring-webflux\6.1.12\spring-webflux-6.1.12.jar;C:\Users\Medhansh Sharma\.m2\repository\org\projectlombok\lombok\1.18.34\lombok-1.18.34.jar;C:\Users\Medhansh Sharma\.m2\repository\org\springframework\boot\spring-boot-starter-mail\3.2.9\spring-boot-starter-mail-3.2.9.jar;C:\Users\Medhansh Sharma\.m2\repository\org\springframework\spring-context-support\6.1.12\spring-context-support-6.1.12.jar;C:\Users\Medhansh Sharma\.m2\repository\org\eclipse\angus\jakarta.mail\2.0.3\jakarta.mail-2.0.3.jar;C:\Users\Medhansh Sharma\.m2\repository\jakarta\activation\jakarta.activation-api\2.1.3\jakarta.activation-api-2.1.3.jar;C:\Users\Medhansh Sharma\.m2\repository\org\eclipse\angus\angus-activation\2.0.2\angus-activation-2.0.2.jar;C:\Users\Medhansh Sharma\.m2\repository\org\springframework\boot\spring-boot-starter-oauth2-client\3.2.9\spring-boot-starter-oauth2-client-3.2.9.jar;C:\Users\Medhansh Sharma\.m2\repository\org\springframework\security\spring-security-config\6.2.6\spring-security-config-6.2.6.jar;C:\Users\Medhansh Sharma\.m2\repository\org\springframework\security\spring-security-core\6.2.6\spring-security-core-6.2.6.jar;C:\Users\Medhansh Sharma\.m2\repository\org\springframework\security\spring-security-crypto\6.2.6\spring-security-crypto-6.2.6.jar;C:\Users\Medhansh Sharma\.m2\repository\org\springframework\security\spring-security-oauth2-client\6.2.6\spring-security-oauth2-client-6.2.6.jar;C:\Users\Medhansh Sharma\.m2\repository\org\springframework\security\spring-security-oauth2-core\6.2.6\spring-security-oauth2-core-6.2.6.jar;C:\Users\Medhansh Sharma\.m2\repository\com\nimbusds\oauth2-oidc-sdk\9.43.4\oauth2-oidc-sdk-9.43.4.jar;C:\Users\Medhansh Sharma\.m2\repository\com\github\stephenc\jcip\jcip-annotations\1.0-1\jcip-annotations-1.0-1.jar;C:\Users\Medhansh Sharma\.m2\repository\com\nimbusds\content-type\2.2\content-type-2.2.jar;C:\Users\Medhansh Sharma\.m2\repository\com\nimbusds\lang-tag\1.7\lang-tag-1.7.jar;C:\Users\Medhansh Sharma\.m2\repository\org\springframework\security\spring-security-oauth2-jose\6.2.6\spring-security-oauth2-jose-6.2.6.jar;C:\Users\Medhansh Sharma\.m2\repository\com\nimbusds\nimbus-jose-jwt\9.37.3\nimbus-jose-jwt-9.37.3.jar;C:\Users\Medhansh Sharma\.m2\repository\org\springframework\security\spring-security-test\6.2.6\spring-security-test-6.2.6.jar;C:\Users\Medhansh Sharma\.m2\repository\org\springframework\security\spring-security-web\6.2.6\spring-security-web-6.2.6.jar;C:\Users\Medhansh Sharma\.m2\repository\org\springframework\spring-core\6.1.12\spring-core-6.1.12.jar;C:\Users\Medhansh Sharma\.m2\repository\org\springframework\spring-jcl\6.1.12\spring-jcl-6.1.12.jar;C:\Users\Medhansh Sharma\.m2\repository\org\springframework\spring-test\6.1.12\spring-test-6.1.12.jar;C:\Users\Medhansh Sharma\.m2\repository\org\springframework\boot\spring-boot-starter-test\3.2.9\spring-boot-starter-test-3.2.9.jar;C:\Users\Medhansh Sharma\.m2\repository\org\springframework\boot\spring-boot-test\3.2.9\spring-boot-test-3.2.9.jar;C:\Users\Medhansh Sharma\.m2\repository\org\springframework\boot\spring-boot-test-autoconfigure\3.2.9\spring-boot-test-autoconfigure-3.2.9.jar;C:\Users\Medhansh Sharma\.m2\repository\com\jayway\jsonpath\json-path\2.9.0\json-path-2.9.0.jar;C:\Users\Medhansh Sharma\.m2\repository\jakarta\xml\bind\jakarta.xml.bind-api\4.0.2\jakarta.xml.bind-api-4.0.2.jar;C:\Users\Medhansh Sharma\.m2\repository\net\minidev\json-smart\2.5.1\json-smart-2.5.1.jar;C:\Users\Medhansh Sharma\.m2\repository\net\minidev\accessors-smart\2.5.1\accessors-smart-2.5.1.jar;C:\Users\Medhansh Sharma\.m2\repository\org\ow2\asm\asm\9.6\asm-9.6.jar;C:\Users\Medhansh Sharma\.m2\repository\org\assertj\assertj-core\3.24.2\assertj-core-3.24.2.jar;C:\Users\Medhansh Sharma\.m2\repository\net\bytebuddy\byte-buddy\1.14.19\byte-buddy-1.14.19.jar;C:\Users\Medhansh Sharma\.m2\repository\org\awaitility\awaitility\4.2.2\awaitility-4.2.2.jar;C:\Users\Medhansh Sharma\.m2\repository\org\hamcrest\hamcrest\2.2\hamcrest-2.2.jar;C:\Users\Medhansh Sharma\.m2\repository\org\junit\jupiter\junit-jupiter\5.10.3\junit-jupiter-5.10.3.jar;C:\Users\Medhansh Sharma\.m2\repository\org\junit\jupiter\junit-jupiter-api\5.10.3\junit-jupiter-api-5.10.3.jar;C:\Users\Medhansh Sharma\.m2\repository\org\opentest4j\opentest4j\1.3.0\opentest4j-1.3.0.jar;C:\Users\Medhansh Sharma\.m2\repository\org\junit\platform\junit-platform-commons\1.10.3\junit-platform-commons-1.10.3.jar;C:\Users\Medhansh Sharma\.m2\repository\org\apiguardian\apiguardian-api\1.1.2\apiguardian-api-1.1.2.jar;C:\Users\Medhansh Sharma\.m2\repository\org\junit\jupiter\junit-jupiter-params\5.10.3\junit-jupiter-params-5.10.3.jar;C:\Users\Medhansh Sharma\.m2\repository\org\junit\jupiter\junit-jupiter-engine\5.10.3\junit-jupiter-engine-5.10.3.jar;C:\Users\Medhansh Sharma\.m2\repository\org\junit\platform\junit-platform-engine\1.10.3\junit-platform-engine-1.10.3.jar;C:\Users\Medhansh Sharma\.m2\repository\org\mockito\mockito-core\5.7.0\mockito-core-5.7.0.jar;C:\Users\Medhansh Sharma\.m2\repository\net\bytebuddy\byte-buddy-agent\1.14.19\byte-buddy-agent-1.14.19.jar;C:\Users\Medhansh Sharma\.m2\repository\org\objenesis\objenesis\3.3\objenesis-3.3.jar;C:\Users\Medhansh Sharma\.m2\repository\org\mockito\mockito-junit-jupiter\5.7.0\mockito-junit-jupiter-5.7.0.jar;C:\Users\Medhansh Sharma\.m2\repository\org\skyscreamer\jsonassert\1.5.3\jsonassert-1.5.3.jar;C:\Users\Medhansh Sharma\.m2\repository\com\vaadin\external\google\android-json\0.0.20131108.vaadin1\android-json-0.0.20131108.vaadin1.jar;C:\Users\Medhansh Sharma\.m2\repository\org\xmlunit\xmlunit-core\2.9.1\xmlunit-core-2.9.1.jar;"/>
    <property name="java.vm.vendor" value="Oracle Corporation"/>
    <property name="sun.arch.data.model" value="64"/>
    <property name="user.variant" value=""/>
    <property name="java.vendor.url" value="https://java.oracle.com/"/>
    <property name="user.timezone" value="Asia/Calcutta"/>
    <property name="os.name" value="Windows 11"/>
    <property name="java.vm.specification.version" value="17"/>
    <property name="sun.java.launcher" value="SUN_STANDARD"/>
    <property name="user.country" value="IN"/>
    <property name="sun.boot.library.path" value="C:\Users\Medhansh Sharma\Downloads\jdk-17_windows-x64_bin\jdk-17.0.11\bin"/>
    <property name="sun.java.command" value="C:\Users\Medhansh Sharma\AppData\Local\Temp\surefire12752953834858607754\surefirebooter-20250126234508883_3.jar C:\Users\Medhansh Sharma\AppData\Local\Temp\surefire12752953834858607754 2025-01-26T23-45-08_386-jvmRun1 surefire-20250126234508883_1tmp surefire_0-20250126234508883_2tmp"/>
    <property name="jdk.debug" value="release"/>
    <property name="surefire.test.class.path" value="C:\Users\Medhansh Sharma\Desktop\PaperPal\target\test-classes;C:\Users\Medhansh Sharma\Desktop\PaperPal\target\classes;C:\Users\Medhansh Sharma\.m2\repository\org\springframework\boot\spring-boot-starter-data-mongodb\3.2.9\spring-boot-starter-data-mongodb-3.2.9.jar;C:\Users\Medhansh Sharma\.m2\repository\org\springframework\boot\spring-boot-starter\3.2.9\spring-boot-starter-3.2.9.jar;C:\Users\Medhansh Sharma\.m2\repository\org\springframework\boot\spring-boot\3.2.9\spring-boot-3.2.9.jar;C:\Users\Medhansh Sharma\.m2\repository\org\springframework\boot\spring-boot-autoconfigure\3.2.9\spring-boot-autoconfigure-3.2.9.jar;C:\Users\Medhansh Sharma\.m2\repository\org\springframework\boot\spring-boot-starter-logging\3.2.9\spring-boot-starter-logging-3.2.9.jar;C:\Users\Medhansh Sharma\.m2\repository\ch\qos\logback\logback-classic\1.4.14\logback-classic-1.4.14.jar;C:\Users\Medhansh Sharma\.m2\repository\ch\qos\logback\logback-core\1.4.14\logback-core-1.4.14.jar;C:\Users\Medhansh Sharma\.m2\repository\org\apache\logging\log4j\log4j-to-slf4j\2.21.1\log4j-to-slf4j-2.21.1.jar;C:\Users\Medhansh Sharma\.m2\repository\org\apache\logging\log4j\log4j-api\2.21.1\log4j-api-2.21.1.jar;C:\Users\Medhansh Sharma\.m2\repository\org\slf4j\jul-to-slf4j\2.0.16\jul-to-slf4j-2.0.16.jar;C:\Users\Medhansh Sharma\.m2\repository\jakarta\annotation\jakarta.annotation-api\2.1.1\jakarta.annotation-api-2.1.1.jar;C:\Users\Medhansh Sharma\.m2\repository\org\yaml\snakeyaml\2.2\snakeyaml-2.2.jar;C:\Users\Medhansh Sharma\.m2\repository\org\mongodb\mongodb-driver-sync\4.11.3\mongodb-driver-sync-4.11.3.jar;C:\Users\Medhansh Sharma\.m2\repository\org\mongodb\bson\4.11.3\bson-4.11.3.jar;C:\Users\Medhansh Sharma\.m2\repository\org\mongodb\mongodb-driver-core\4.11.3\mongodb-driver-core-4.11.3.jar;C:\Users\Medhansh Sharma\.m2\repository\org\mongodb\bson-record-codec\4.11.3\bson-record-codec-4.11.3.jar;C:\Users\Medhansh Sharma\.m2\repository\org\springframework\data\spring-data-mongodb\4.2.9\spring-data-mongodb-4.2.9.jar;C:\Users\Medhansh Sharma\.m2\repository\org\springframework\spring-tx\6.1.12\spring-tx-6.1.12.jar;C:\Users\Medhansh Sharma\.m2\repository\org\springframework\spring-context\6.1.12\spring-context-6.1.12.jar;C:\Users\Medhansh Sharma\.m2\repository\org\springframework\spring-beans\6.1.12\spring-beans-6.1.12.jar;C:\Users\Medhansh Sharma\.m2\repository\org\springframework\spring-expression\6.1.12\spring-expression-6.1.12.jar;C:\Users\Medhansh Sharma\.m2\repository\org\springframework\data\spring-data-commons\3.2.9\spring-data-commons-3.2.9.jar;C:\Users\Medhansh Sharma\.m2\repository\org\slf4j\slf4j-api\2.0.16\slf4j-api-2.0.16.jar;C:\Users\Medhansh Sharma\.m2\repository\org\springdoc\springdoc-openapi-starter-webmvc-ui\2.6.0\springdoc-openapi-starter-webmvc-ui-2.6.0.jar;C:\Users\Medhansh Sharma\.m2\repository\org\springdoc\springdoc-openapi-starter-webmvc-api\2.6.0\springdoc-openapi-starter-webmvc-api-2.6.0.jar;C:\Users\Medhansh Sharma\.m2\repository\org\springdoc\springdoc-openapi-starter-common\2.6.0\springdoc-openapi-starter-common-2.6.0.jar;C:\Users\Medhansh Sharma\.m2\repository\io\swagger\core\v3\swagger-core-jakarta\2.2.22\swagger-core-jakarta-2.2.22.jar;C:\Users\Medhansh Sharma\.m2\repository\org\apache\commons\commons-lang3\3.13.0\commons-lang3-3.13.0.jar;C:\Users\Medhansh Sharma\.m2\repository\io\swagger\core\v3\swagger-annotations-jakarta\2.2.22\swagger-annotations-jakarta-2.2.22.jar;C:\Users\Medhansh Sharma\.m2\repository\io\swagger\core\v3\swagger-models-jakarta\2.2.22\swagger-models-jakarta-2.2.22.jar;C:\Users\Medhansh Sharma\.m2\repository\jakarta\validation\jakarta.validation-api\3.0.2\jakarta.validation-api-3.0.2.jar;C:\Users\Medhansh Sharma\.m2\repository\com\fasterxml\jackson\dataformat\jackson-dataformat-yaml\2.15.4\jackson-dataformat-yaml-2.15.4.jar;C:\Users\Medhansh Sharma\.m2\repository\org\webjars\swagger-ui\5.17.14\swagger-ui-5.17.14.jar;C:\Users\Medhansh Sharma\.m2\repository\org\springframework\boot\spring-boot-starter-thymeleaf\3.2.9\spring-boot-starter-thymeleaf-3.2.9.jar;C:\Users\Medhansh Sharma\.m2\repository\org\thymeleaf\thymeleaf-spring6\3.1.2.RELEASE\thymeleaf-spring6-3.1.2.RELEASE.jar;C:\Users\Medhansh Sharma\.m2\repository\org\thymeleaf\thymeleaf\3.1.2.RELEASE\thymeleaf-3.1.2.RELEASE.jar;C:\Users\Medhansh Sharma\.m2\repository\org\attoparser\attoparser\2.0.7.RELEASE\attoparser-2.0.7.RELEASE.jar;C:\Users\Medhansh Sharma\.m2\repository\org\unbescape\unbescape\1.1.6.RELEASE\unbescape-1.1.6.RELEASE.jar;C:\Users\Medhansh Sharma\.m2\repository\org\springframework\boot\spring-boot-starter-web\3.2.9\spring-boot-starter-web-3.2.9.jar;C:\Users\Medhansh Sharma\.m2\repository\org\springframework\boot\spring-boot-starter-json\3.2.9\spring-boot-starter-json-3.2.9.jar;C:\Users\Medhansh Sharma\.m2\repository\com\fasterxml\jackson\core\jackson-databind\2.15.4\jackson-databind-2.15.4.jar;C:\Users\Medhansh Sharma\.m2\repository\com\fasterxml\jackson\core\jackson-annotations\2.15.4\jackson-annotations-2.15.4.jar;C:\Users\Medhansh Sharma\.m2\repository\com\fasterxml\jackson\core\jackson-core\2.15.4\jackson-core-2.15.4.jar;C:\Users\Medhansh Sharma\.m2\repository\com\fasterxml\jackson\datatype\jackson-datatype-jdk8\2.15.4\jackson-datatype-jdk8-2.15.4.jar;C:\Users\Medhansh Sharma\.m2\repository\com\fasterxml\jackson\datatype\jackson-datatype-jsr310\2.15.4\jackson-datatype-jsr310-2.15.4.jar;C:\Users\Medhansh Sharma\.m2\repository\com\fasterxml\jackson\module\jackson-module-parameter-names\2.15.4\jackson-module-parameter-names-2.15.4.jar;C:\Users\Medhansh Sharma\.m2\repository\org\springframework\boot\spring-boot-starter-tomcat\3.2.9\spring-boot-starter-tomcat-3.2.9.jar;C:\Users\Medhansh Sharma\.m2\repository\org\apache\tomcat\embed\tomcat-embed-core\10.1.28\tomcat-embed-core-10.1.28.jar;C:\Users\Medhansh Sharma\.m2\repository\org\apache\tomcat\embed\tomcat-embed-el\10.1.28\tomcat-embed-el-10.1.28.jar;C:\Users\Medhansh Sharma\.m2\repository\org\apache\tomcat\embed\tomcat-embed-websocket\10.1.28\tomcat-embed-websocket-10.1.28.jar;C:\Users\Medhansh Sharma\.m2\repository\org\springframework\spring-web\6.1.12\spring-web-6.1.12.jar;C:\Users\Medhansh Sharma\.m2\repository\io\micrometer\micrometer-observation\1.12.9\micrometer-observation-1.12.9.jar;C:\Users\Medhansh Sharma\.m2\repository\io\micrometer\micrometer-commons\1.12.9\micrometer-commons-1.12.9.jar;C:\Users\Medhansh Sharma\.m2\repository\org\springframework\spring-webmvc\6.1.12\spring-webmvc-6.1.12.jar;C:\Users\Medhansh Sharma\.m2\repository\org\springframework\spring-aop\6.1.12\spring-aop-6.1.12.jar;C:\Users\Medhansh Sharma\.m2\repository\org\springframework\ai\spring-ai-ollama-spring-boot-starter\1.0.0-M2\spring-ai-ollama-spring-boot-starter-1.0.0-M2.jar;C:\Users\Medhansh Sharma\.m2\repository\org\springframework\ai\spring-ai-spring-boot-autoconfigure\1.0.0-M2\spring-ai-spring-boot-autoconfigure-1.0.0-M2.jar;C:\Users\Medhansh Sharma\.m2\repository\org\springframework\ai\spring-ai-ollama\1.0.0-M2\spring-ai-ollama-1.0.0-M2.jar;C:\Users\Medhansh Sharma\.m2\repository\org\springframework\ai\spring-ai-core\1.0.0-M2\spring-ai-core-1.0.0-M2.jar;C:\Users\Medhansh Sharma\.m2\repository\io\swagger\core\v3\swagger-annotations\2.2.20\swagger-annotations-2.2.20.jar;C:\Users\Medhansh Sharma\.m2\repository\com\github\victools\jsonschema-module-swagger-2\4.35.0\jsonschema-module-swagger-2-4.35.0.jar;C:\Users\Medhansh Sharma\.m2\repository\org\springframework\cloud\spring-cloud-function-context\4.1.3\spring-cloud-function-context-4.1.3.jar;C:\Users\Medhansh Sharma\.m2\repository\net\jodah\typetools\0.6.2\typetools-0.6.2.jar;C:\Users\Medhansh Sharma\.m2\repository\org\springframework\cloud\spring-cloud-function-core\4.1.3\spring-cloud-function-core-4.1.3.jar;C:\Users\Medhansh Sharma\.m2\repository\org\json\json\20240303\json-20240303.jar;C:\Users\Medhansh Sharma\.m2\repository\org\antlr\ST4\4.3.4\ST4-4.3.4.jar;C:\Users\Medhansh Sharma\.m2\repository\org\antlr\antlr-runtime\3.5.3\antlr-runtime-3.5.3.jar;C:\Users\Medhansh Sharma\.m2\repository\org\antlr\antlr4-runtime\4.13.1\antlr4-runtime-4.13.1.jar;C:\Users\Medhansh Sharma\.m2\repository\io\projectreactor\reactor-core\3.6.9\reactor-core-3.6.9.jar;C:\Users\Medhansh Sharma\.m2\repository\org\reactivestreams\reactive-streams\1.0.4\reactive-streams-1.0.4.jar;C:\Users\Medhansh Sharma\.m2\repository\org\springframework\spring-messaging\6.1.12\spring-messaging-6.1.12.jar;C:\Users\Medhansh Sharma\.m2\repository\io\micrometer\micrometer-core\1.12.9\micrometer-core-1.12.9.jar;C:\Users\Medhansh Sharma\.m2\repository\org\hdrhistogram\HdrHistogram\2.1.12\HdrHistogram-2.1.12.jar;C:\Users\Medhansh Sharma\.m2\repository\org\latencyutils\LatencyUtils\2.0.3\LatencyUtils-2.0.3.jar;C:\Users\Medhansh Sharma\.m2\repository\com\knuddels\jtokkit\1.1.0\jtokkit-1.1.0.jar;C:\Users\Medhansh Sharma\.m2\repository\com\github\victools\jsonschema-generator\4.35.0\jsonschema-generator-4.35.0.jar;C:\Users\Medhansh Sharma\.m2\repository\com\fasterxml\classmate\1.6.0\classmate-1.6.0.jar;C:\Users\Medhansh Sharma\.m2\repository\com\github\victools\jsonschema-module-jackson\4.35.0\jsonschema-module-jackson-4.35.0.jar;C:\Users\Medhansh Sharma\.m2\repository\org\springframework\ai\spring-ai-retry\1.0.0-M2\spring-ai-retry-1.0.0-M2.jar;C:\Users\Medhansh Sharma\.m2\repository\org\springframework\retry\spring-retry\2.0.8\spring-retry-2.0.8.jar;C:\Users\Medhansh Sharma\.m2\repository\org\springframework\spring-webflux\6.1.12\spring-webflux-6.1.12.jar;C:\Users\Medhansh Sharma\.m2\repository\org\projectlombok\lombok\1.18.34\lombok-1.18.34.jar;C:\Users\Medhansh Sharma\.m2\repository\org\springframework\boot\spring-boot-starter-mail\3.2.9\spring-boot-starter-mail-3.2.9.jar;C:\Users\Medhansh Sharma\.m2\repository\org\springframework\spring-context-support\6.1.12\spring-context-support-6.1.12.jar;C:\Users\Medhansh Sharma\.m2\repository\org\eclipse\angus\jakarta.mail\2.0.3\jakarta.mail-2.0.3.jar;C:\Users\Medhansh Sharma\.m2\repository\jakarta\activation\jakarta.activation-api\2.1.3\jakarta.activation-api-2.1.3.jar;C:\Users\Medhansh Sharma\.m2\repository\org\eclipse\angus\angus-activation\2.0.2\angus-activation-2.0.2.jar;C:\Users\Medhansh Sharma\.m2\repository\org\springframework\boot\spring-boot-starter-oauth2-client\3.2.9\spring-boot-starter-oauth2-client-3.2.9.jar;C:\Users\Medhansh Sharma\.m2\repository\org\springframework\security\spring-security-config\6.2.6\spring-security-config-6.2.6.jar;C:\Users\Medhansh Sharma\.m2\repository\org\springframework\security\spring-security-core\6.2.6\spring-security-core-6.2.6.jar;C:\Users\Medhansh Sharma\.m2\repository\org\springframework\security\spring-security-crypto\6.2.6\spring-security-crypto-6.2.6.jar;C:\Users\Medhansh Sharma\.m2\repository\org\springframework\security\spring-security-oauth2-client\6.2.6\spring-security-oauth2-client-6.2.6.jar;C:\Users\Medhansh Sharma\.m2\repository\org\springframework\security\spring-security-oauth2-core\6.2.6\spring-security-oauth2-core-6.2.6.jar;C:\Users\Medhansh Sharma\.m2\repository\com\nimbusds\oauth2-oidc-sdk\9.43.4\oauth2-oidc-sdk-9.43.4.jar;C:\Users\Medhansh Sharma\.m2\repository\com\github\stephenc\jcip\jcip-annotations\1.0-1\jcip-annotations-1.0-1.jar;C:\Users\Medhansh Sharma\.m2\repository\com\nimbusds\content-type\2.2\content-type-2.2.jar;C:\Users\Medhansh Sharma\.m2\repository\com\nimbusds\lang-tag\1.7\lang-tag-1.7.jar;C:\Users\Medhansh Sharma\.m2\repository\org\springframework\security\spring-security-oauth2-jose\6.2.6\spring-security-oauth2-jose-6.2.6.jar;C:\Users\Medhansh Sharma\.m2\repository\com\nimbusds\nimbus-jose-jwt\9.37.3\nimbus-jose-jwt-9.37.3.jar;C:\Users\Medhansh Sharma\.m2\repository\org\springframework\security\spring-security-test\6.2.6\spring-security-test-6.2.6.jar;C:\Users\Medhansh Sharma\.m2\repository\org\springframework\security\spring-security-web\6.2.6\spring-security-web-6.2.6.jar;C:\Users\Medhansh Sharma\.m2\repository\org\springframework\spring-core\6.1.12\spring-core-6.1.12.jar;C:\Users\Medhansh Sharma\.m2\repository\org\springframework\spring-jcl\6.1.12\spring-jcl-6.1.12.jar;C:\Users\Medhansh Sharma\.m2\repository\org\springframework\spring-test\6.1.12\spring-test-6.1.12.jar;C:\Users\Medhansh Sharma\.m2\repository\org\springframework\boot\spring-boot-starter-test\3.2.9\spring-boot-starter-test-3.2.9.jar;C:\Users\Medhansh Sharma\.m2\repository\org\springframework\boot\spring-boot-test\3.2.9\spring-boot-test-3.2.9.jar;C:\Users\Medhansh Sharma\.m2\repository\org\springframework\boot\spring-boot-test-autoconfigure\3.2.9\spring-boot-test-autoconfigure-3.2.9.jar;C:\Users\Medhansh Sharma\.m2\repository\com\jayway\jsonpath\json-path\2.9.0\json-path-2.9.0.jar;C:\Users\Medhansh Sharma\.m2\repository\jakarta\xml\bind\jakarta.xml.bind-api\4.0.2\jakarta.xml.bind-api-4.0.2.jar;C:\Users\Medhansh Sharma\.m2\repository\net\minidev\json-smart\2.5.1\json-smart-2.5.1.jar;C:\Users\Medhansh Sharma\.m2\repository\net\minidev\accessors-smart\2.5.1\accessors-smart-2.5.1.jar;C:\Users\Medhansh Sharma\.m2\repository\org\ow2\asm\asm\9.6\asm-9.6.jar;C:\Users\Medhansh Sharma\.m2\repository\org\assertj\assertj-core\3.24.2\assertj-core-3.24.2.jar;C:\Users\Medhansh Sharma\.m2\repository\net\bytebuddy\byte-buddy\1.14.19\byte-buddy-1.14.19.jar;C:\Users\Medhansh Sharma\.m2\repository\org\awaitility\awaitility\4.2.2\awaitility-4.2.2.jar;C:\Users\Medhansh Sharma\.m2\repository\org\hamcrest\hamcrest\2.2\hamcrest-2.2.jar;C:\Users\Medhansh Sharma\.m2\repository\org\junit\jupiter\junit-jupiter\5.10.3\junit-jupiter-5.10.3.jar;C:\Users\Medhansh Sharma\.m2\repository\org\junit\jupiter\junit-jupiter-api\5.10.3\junit-jupiter-api-5.10.3.jar;C:\Users\Medhansh Sharma\.m2\repository\org\opentest4j\opentest4j\1.3.0\opentest4j-1.3.0.jar;C:\Users\Medhansh Sharma\.m2\repository\org\junit\platform\junit-platform-commons\1.10.3\junit-platform-commons-1.10.3.jar;C:\Users\Medhansh Sharma\.m2\repository\org\apiguardian\apiguardian-api\1.1.2\apiguardian-api-1.1.2.jar;C:\Users\Medhansh Sharma\.m2\repository\org\junit\jupiter\junit-jupiter-params\5.10.3\junit-jupiter-params-5.10.3.jar;C:\Users\Medhansh Sharma\.m2\repository\org\junit\jupiter\junit-jupiter-engine\5.10.3\junit-jupiter-engine-5.10.3.jar;C:\Users\Medhansh Sharma\.m2\repository\org\junit\platform\junit-platform-engine\1.10.3\junit-platform-engine-1.10.3.jar;C:\Users\Medhansh Sharma\.m2\repository\org\mockito\mockito-core\5.7.0\mockito-core-5.7.0.jar;C:\Users\Medhansh Sharma\.m2\repository\net\bytebuddy\byte-buddy-agent\1.14.19\byte-buddy-agent-1.14.19.jar;C:\Users\Medhansh Sharma\.m2\repository\org\objenesis\objenesis\3.3\objenesis-3.3.jar;C:\Users\Medhansh Sharma\.m2\repository\org\mockito\mockito-junit-jupiter\5.7.0\mockito-junit-jupiter-5.7.0.jar;C:\Users\Medhansh Sharma\.m2\repository\org\skyscreamer\jsonassert\1.5.3\jsonassert-1.5.3.jar;C:\Users\Medhansh Sharma\.m2\repository\com\vaadin\external\google\android-json\0.0.20131108.vaadin1\android-json-0.0.20131108.vaadin1.jar;C:\Users\Medhansh Sharma\.m2\repository\org\xmlunit\xmlunit-core\2.9.1\xmlunit-core-2.9.1.jar;"/>
    <property name="sun.cpu.endian" value="little"/>
    <property name="user.home" value="C:\Users\Medhansh Sharma"/>
    <property name="user.language" value="en"/>
    <property name="java.specification.vendor" value="Oracle Corporation"/>
    <property name="java.version.date" value="2024-04-16"/>
    <property name="java.home" value="C:\Users\Medhansh Sharma\Downloads\jdk-17_windows-x64_bin\jdk-17.0.11"/>
    <property name="file.separator" value="\"/>
    <property name="basedir" value="C:\Users\Medhansh Sharma\Desktop\PaperPal"/>
    <property name="java.vm.compressedOopsMode" value="32-bit"/>
    <property name="line.separator" value="&#10;"/>
    <property name="java.vm.specification.vendor" value="Oracle Corporation"/>
    <property name="java.specification.name" value="Java Platform API Specification"/>
    <property name="FILE_LOG_CHARSET" value="windows-1252"/>
    <property name="java.awt.headless" value="true"/>
    <property name="surefire.real.class.path" value="C:\Users\Medhansh Sharma\AppData\Local\Temp\surefire12752953834858607754\surefirebooter-20250126234508883_3.jar"/>
    <property name="user.script" value=""/>
    <property name="sun.management.compiler" value="HotSpot 64-Bit Tiered Compilers"/>
    <property name="java.runtime.version" value="17.0.11+7-LTS-207"/>
    <property name="user.name" value="Medhansh Sharma"/>
    <property name="path.separator" value=";"/>
    <property name="os.version" value="10.0"/>
    <property name="java.runtime.name" value="Java(TM) SE Runtime Environment"/>
    <property name="file.encoding" value="Cp1252"/>
    <property name="java.vm.name" value="Java HotSpot(TM) 64-Bit Server VM"/>
    <property name="localRepository" value="C:\Users\Medhansh Sharma\.m2\repository"/>
    <property name="java.vendor.url.bug" value="https://bugreport.java.com/bugreport/"/>
    <property name="java.io.tmpdir" value="C:\Users\MEDHAN~1\AppData\Local\Temp\"/>
    <property name="java.version" value="17.0.11"/>
    <property name="user.dir" value="C:\Users\Medhansh Sharma\Desktop\PaperPal"/>
    <property name="os.arch" value="amd64"/>
    <property name="java.vm.specification.name" value="Java Virtual Machine Specification"/>
    <property name="PID" value="12376"/>
    <property name="sun.os.patch.level" value=""/>
    <property name="CONSOLE_LOG_CHARSET" value="windows-1252"/>
    <property name="native.encoding" value="Cp1252"/>
    <property name="java.library.path" value="C:\Users\Medhansh Sharma\Downloads\jdk-17_windows-x64_bin\jdk-17.0.11\bin;C:\WINDOWS\Sun\Java\bin;C:\WINDOWS\system32;C:\WINDOWS;C:\Python312\Scripts\;C:\Python312\;C:\WINDOWS\system32;C:\WINDOWS;C:\WINDOWS\System32\Wbem;C:\WINDOWS\System32\WindowsPowerShell\v1.0\;C:\WINDOWS\System32\OpenSSH\;C:\Program Files\Git\cmd;C:\Program Files\Git\mingw64\bin;C:\Program Files\Git\usr\bin;C:\Users\Medhansh Sharma\Downloads\jdk-17_windows-x64_bin\jdk-17.0.11\bin;C:\Users\Medhansh Sharma\AppData\Local\Packages\PythonSoftwareFoundation.Python.3.11_qbz5n2kfra8p0\LocalCache\local-packages\Python311\Scripts;C:\Program Files\nodejs\;C:\Program Files\mysql\MySQL Server 8.0\bin;C:\Program Files\MongoDB\Server\7.0\bin;C:\Users\Medhansh Sharma\Downloads\apache-maven-3.9.8-bin\apache-maven-3.9.8\bin;C:\Users\Medhansh Sharma\Downloads\sonar-scanner-cli-6.1.0.4477-windows-x64\sonar-scanner-6.1.0.4477-windows-x64\bin;C:\Users\Medhansh Sharma\Downloads\ngrok-v3-stable-windows-amd64;C:\Program Files\MySQL\MySQL Shell 8.0\bin\;C:\Users\Medhansh Sharma\AppData\Local\Microsoft\WindowsApps;C:\Users\Medhansh Sharma\AppData\Local\Programs\Microsoft VS Code\bin;C:\Users\Medhansh Sharma\AppData\Local\Packages\PythonSoftwareFoundation.Python.3.11_qbz5n2kfra8p0\LocalCache\local-packages\Python311\Scripts;C:\Users\Medhansh Sharma\AppData\Roaming\npm;C:\Program Files\JetBrains\IntelliJ IDEA 2024.1.4\bin;;C:\Program Files\JetBrains\IntelliJ IDEA Community Edition 2024.1.3\bin;;;C:\Users\Medhansh Sharma\AppData\Local\Programs\Ollama;."/>
    <property name="java.vm.info" value="mixed mode, sharing"/>
    <property name="java.vendor" value="Oracle Corporation"/>
    <property name="java.vm.version" value="17.0.11+7-LTS-207"/>
    <property name="sun.io.unicode.encoding" value="UnicodeLittle"/>
    <property name="java.class.version" value="61.0"/>
    <property name="LOGGED_APPLICATION_NAME" value="[PaperPal] "/>
  </properties>
  <testcase name="contextLoads" classname="com.example.PaperPal.PaperPalApplicationTests" time="2.178">
    <system-out><![CDATA[23:45:11.402 [main] INFO org.springframework.test.context.support.AnnotationConfigContextLoaderUtils -- Could not detect default configuration classes for test class [com.example.PaperPal.PaperPalApplicationTests]: PaperPalApplicationTests does not declare any static, non-private, non-final, nested classes annotated with @Configuration.
23:45:11.650 [main] INFO org.springframework.boot.test.context.SpringBootTestContextBootstrapper -- Found @SpringBootConfiguration com.example.PaperPal.PaperPalApplication for test class com.example.PaperPal.PaperPalApplicationTests


███╗   ███╗███████╗██████╗ ██╗  ██╗ █████╗ ███╗   ██╗███████╗██╗  ██╗    ███████╗██╗  ██╗ █████╗ ██████╗ ███╗   ███╗ █████╗
████╗ ████║██╔════╝██╔══██╗██║  ██║██╔══██╗████╗  ██║██╔════╝██║  ██║    ██╔════╝██║  ██║██╔══██╗██╔══██╗████╗ ████║██╔══██╗
██╔████╔██║█████╗  ██║  ██║███████║███████║██╔██╗ ██║███████╗███████║    ███████╗███████║███████║██████╔╝██╔████╔██║███████║
██║╚██╔╝██║██╔══╝  ██║  ██║██╔══██║██╔══██║██║╚██╗██║╚════██║██╔══██║    ╚════██║██╔══██║██╔══██║██╔══██╗██║╚██╔╝██║██╔══██║
██║ ╚═╝ ██║███████╗██████╔╝██║  ██║██║  ██║██║ ╚████║███████║██║  ██║    ███████║██║  ██║██║  ██║██║  ██║██║ ╚═╝ ██║██║  ██║
╚═╝     ╚═╝╚══════╝╚═════╝ ╚═╝  ╚═╝╚═╝  ╚═╝╚═╝  ╚═══╝╚══════╝╚═╝  ╚═╝    ╚══════╝╚═╝  ╚═╝╚═╝  ╚═╝╚═╝  ╚═╝╚═╝     ╚═╝╚═╝  ╚═╝
PaperPal                                                                  Spring Boot(3.2.8)
2025-01-26T23:45:12.722+05:30  WARN 12376 --- [PaperPal] [           main] ory$DuplicateJsonObjectContextCustomizer : 

Found multiple occurrences of org.json.JSONObject on the class path:

	jar:file:/C:/Users/Medhansh%20Sharma/.m2/repository/org/json/json/20240303/json-20240303.jar!/org/json/JSONObject.class
	jar:file:/C:/Users/Medhansh%20Sharma/.m2/repository/com/vaadin/external/google/android-json/0.0.20131108.vaadin1/android-json-0.0.20131108.vaadin1.jar!/org/json/JSONObject.class

You may wish to exclude one of them to ensure predictable runtime behavior

2025-01-26T23:45:12.756+05:30  INFO 12376 --- [PaperPal] [           main] c.e.PaperPal.PaperPalApplicationTests    : Starting PaperPalApplicationTests using Java 17.0.11 with PID 12376 (started by Medhansh Sharma in C:\Users\Medhansh Sharma\Desktop\PaperPal)
2025-01-26T23:45:12.758+05:30  INFO 12376 --- [PaperPal] [           main] c.e.PaperPal.PaperPalApplicationTests    : No active profile set, falling back to 1 default profile: "default"
2025-01-26T23:45:15.548+05:30  INFO 12376 --- [PaperPal] [           main] .s.d.r.c.RepositoryConfigurationDelegate : Bootstrapping Spring Data MongoDB repositories in DEFAULT mode.
2025-01-26T23:45:15.856+05:30  INFO 12376 --- [PaperPal] [           main] .s.d.r.c.RepositoryConfigurationDelegate : Finished Spring Data repository scanning in 297 ms. Found 4 MongoDB repository interfaces.
2025-01-26T23:45:18.257+05:30  INFO 12376 --- [PaperPal] [2lb.mongodb.net] org.mongodb.driver.cluster               : Adding discovered server ac-3amp77c-shard-00-02.gpk02lb.mongodb.net:27017 to client view of cluster
2025-01-26T23:45:18.479+05:30  INFO 12376 --- [PaperPal] [           main] org.mongodb.driver.client                : MongoClient with metadata {"application": {"name": "Cluster1"}, "driver": {"name": "mongo-java-driver|sync|spring-boot", "version": "4.11.3"}, "os": {"type": "Windows", "name": "Windows 11", "architecture": "amd64", "version": "10.0"}, "platform": "Java/Oracle Corporation/17.0.11+7-LTS-207"} created with settings MongoClientSettings{readPreference=primary, writeConcern=WriteConcern{w=majority, wTimeout=null ms, journal=null}, retryWrites=true, retryReads=true, readConcern=ReadConcern{level=null}, credential=MongoCredential{mechanism=null, userName='sharmamedhansh21', source='admin', password=<hidden>, mechanismProperties=<hidden>}, transportSettings=null, streamFactoryFactory=null, commandListeners=[], codecRegistry=ProvidersCodecRegistry{codecProviders=[ValueCodecProvider{}, BsonValueCodecProvider{}, DBRefCodecProvider{}, DBObjectCodecProvider{}, DocumentCodecProvider{}, CollectionCodecProvider{}, IterableCodecProvider{}, MapCodecProvider{}, GeoJsonCodecProvider{}, GridFSFileCodecProvider{}, Jsr310CodecProvider{}, JsonObjectCodecProvider{}, BsonCodecProvider{}, EnumCodecProvider{}, com.mongodb.client.model.mql.ExpressionCodecProvider@5d14e99e, com.mongodb.Jep395RecordCodecProvider@38cfecf3, com.mongodb.KotlinCodecProvider@682618e5]}, loggerSettings=LoggerSettings{maxDocumentLength=1000}, clusterSettings={hosts=[127.0.0.1:27017], srvHost=cluster1.gpk02lb.mongodb.net, srvServiceName=mongodb, mode=MULTIPLE, requiredClusterType=REPLICA_SET, requiredReplicaSetName='atlas-eto8nn-shard-0', serverSelector='null', clusterListeners='[]', serverSelectionTimeout='30000 ms', localThreshold='15 ms'}, socketSettings=SocketSettings{connectTimeoutMS=10000, readTimeoutMS=0, receiveBufferSize=0, proxySettings=ProxySettings{host=null, port=null, username=null, password=null}}, heartbeatSocketSettings=SocketSettings{connectTimeoutMS=10000, readTimeoutMS=10000, receiveBufferSize=0, proxySettings=ProxySettings{host=null, port=null, username=null, password=null}}, connectionPoolSettings=ConnectionPoolSettings{maxSize=100, minSize=0, maxWaitTimeMS=120000, maxConnectionLifeTimeMS=0, maxConnectionIdleTimeMS=0, maintenanceInitialDelayMS=0, maintenanceFrequencyMS=60000, connectionPoolListeners=[], maxConnecting=2}, serverSettings=ServerSettings{heartbeatFrequencyMS=10000, minHeartbeatFrequencyMS=500, serverListeners='[]', serverMonitorListeners='[]'}, sslSettings=SslSettings{enabled=true, invalidHostNameAllowed=false, context=null}, applicationName='Cluster1', compressorList=[], uuidRepresentation=JAVA_LEGACY, serverApi=null, autoEncryptionSettings=null, dnsClient=null, inetAddressResolver=null, contextProvider=null}
2025-01-26T23:45:18.521+05:30  INFO 12376 --- [PaperPal] [2lb.mongodb.net] org.mongodb.driver.cluster               : Adding discovered server ac-3amp77c-shard-00-01.gpk02lb.mongodb.net:27017 to client view of cluster
2025-01-26T23:45:18.606+05:30  INFO 12376 --- [PaperPal] [2lb.mongodb.net] org.mongodb.driver.cluster               : Adding discovered server ac-3amp77c-shard-00-00.gpk02lb.mongodb.net:27017 to client view of cluster
2025-01-26T23:45:21.493+05:30  INFO 12376 --- [PaperPal] [ngodb.net:27017] org.mongodb.driver.cluster               : Monitor thread successfully connected to server with description ServerDescription{address=ac-3amp77c-shard-00-02.gpk02lb.mongodb.net:27017, type=REPLICA_SET_PRIMARY, state=CONNECTED, ok=true, minWireVersion=0, maxWireVersion=25, maxDocumentSize=16777216, logicalSessionTimeoutMinutes=30, roundTripTimeNanos=1118958800, setName='atlas-eto8nn-shard-0', canonicalAddress=ac-3amp77c-shard-00-02.gpk02lb.mongodb.net:27017, hosts=[ac-3amp77c-shard-00-00.gpk02lb.mongodb.net:27017, ac-3amp77c-shard-00-02.gpk02lb.mongodb.net:27017, ac-3amp77c-shard-00-01.gpk02lb.mongodb.net:27017], passives=[], arbiters=[], primary='ac-3amp77c-shard-00-02.gpk02lb.mongodb.net:27017', tagSet=TagSet{[Tag{name='availabilityZone', value='aps1-az2'}, Tag{name='diskState', value='READY'}, Tag{name='nodeType', value='ELECTABLE'}, Tag{name='provider', value='AWS'}, Tag{name='region', value='AP_SOUTH_1'}, Tag{name='workloadType', value='OPERATIONAL'}]}, electionId=7fffffff000000000000027c, setVersion=171, topologyVersion=TopologyVersion{processId=6796707a9fb5f15ddc53600c, counter=6}, lastWriteDate=Sun Jan 26 23:45:27 IST 2025, lastUpdateTimeNanos=31594724915200}
2025-01-26T23:45:21.504+05:30  INFO 12376 --- [PaperPal] [ngodb.net:27017] org.mongodb.driver.cluster               : Discovered replica set primary ac-3amp77c-shard-00-02.gpk02lb.mongodb.net:27017 with max election id 7fffffff000000000000027c and max set version 171
2025-01-26T23:45:21.526+05:30  INFO 12376 --- [PaperPal] [ngodb.net:27017] org.mongodb.driver.cluster               : Monitor thread successfully connected to server with description ServerDescription{address=ac-3amp77c-shard-00-00.gpk02lb.mongodb.net:27017, type=REPLICA_SET_SECONDARY, state=CONNECTED, ok=true, minWireVersion=0, maxWireVersion=25, maxDocumentSize=16777216, logicalSessionTimeoutMinutes=30, roundTripTimeNanos=186330500, setName='atlas-eto8nn-shard-0', canonicalAddress=ac-3amp77c-shard-00-00.gpk02lb.mongodb.net:27017, hosts=[ac-3amp77c-shard-00-00.gpk02lb.mongodb.net:27017, ac-3amp77c-shard-00-02.gpk02lb.mongodb.net:27017, ac-3amp77c-shard-00-01.gpk02lb.mongodb.net:27017], passives=[], arbiters=[], primary='ac-3amp77c-shard-00-02.gpk02lb.mongodb.net:27017', tagSet=TagSet{[Tag{name='availabilityZone', value='aps1-az1'}, Tag{name='diskState', value='READY'}, Tag{name='nodeType', value='ELECTABLE'}, Tag{name='provider', value='AWS'}, Tag{name='region', value='AP_SOUTH_1'}, Tag{name='workloadType', value='OPERATIONAL'}]}, electionId=null, setVersion=171, topologyVersion=TopologyVersion{processId=67966d3c763aa72725d72a21, counter=4}, lastWriteDate=Sun Jan 26 23:45:28 IST 2025, lastUpdateTimeNanos=31594791968800}
2025-01-26T23:45:21.533+05:30  INFO 12376 --- [PaperPal] [ngodb.net:27017] org.mongodb.driver.cluster               : Monitor thread successfully connected to server with description ServerDescription{address=ac-3amp77c-shard-00-01.gpk02lb.mongodb.net:27017, type=REPLICA_SET_SECONDARY, state=CONNECTED, ok=true, minWireVersion=0, maxWireVersion=25, maxDocumentSize=16777216, logicalSessionTimeoutMinutes=30, roundTripTimeNanos=188374800, setName='atlas-eto8nn-shard-0', canonicalAddress=ac-3amp77c-shard-00-01.gpk02lb.mongodb.net:27017, hosts=[ac-3amp77c-shard-00-00.gpk02lb.mongodb.net:27017, ac-3amp77c-shard-00-02.gpk02lb.mongodb.net:27017, ac-3amp77c-shard-00-01.gpk02lb.mongodb.net:27017], passives=[], arbiters=[], primary='ac-3amp77c-shard-00-02.gpk02lb.mongodb.net:27017', tagSet=TagSet{[Tag{name='availabilityZone', value='aps1-az3'}, Tag{name='diskState', value='READY'}, Tag{name='nodeType', value='ELECTABLE'}, Tag{name='provider', value='AWS'}, Tag{name='region', value='AP_SOUTH_1'}, Tag{name='workloadType', value='OPERATIONAL'}]}, electionId=null, setVersion=171, topologyVersion=TopologyVersion{processId=67967378cf418a29959fc559, counter=3}, lastWriteDate=Sun Jan 26 23:45:28 IST 2025, lastUpdateTimeNanos=31594798216900}
2025-01-26T23:45:26.854+05:30  INFO 12376 --- [PaperPal] [           main] o.s.s.web.DefaultSecurityFilterChain     : Will secure any request with [org.springframework.security.web.session.DisableEncodeUrlFilter@4ce18cec, org.springframework.security.web.context.request.async.WebAsyncManagerIntegrationFilter@2a9f8d47, org.springframework.security.web.context.SecurityContextHolderFilter@5c13af01, org.springframework.security.web.header.HeaderWriterFilter@37142579, org.springframework.security.web.authentication.logout.LogoutFilter@46fa2a7e, org.springframework.security.oauth2.client.web.OAuth2AuthorizationRequestRedirectFilter@6a38e3d1, org.springframework.security.oauth2.client.web.OAuth2LoginAuthenticationFilter@3149409c, org.springframework.security.web.authentication.UsernamePasswordAuthenticationFilter@3dd66ff5, org.springframework.security.web.authentication.www.BasicAuthenticationFilter@1c0cf193, org.springframework.security.web.savedrequest.RequestCacheAwareFilter@47c5cbf2, org.springframework.security.web.servletapi.SecurityContextHolderAwareRequestFilter@519b0f00, org.springframework.security.web.authentication.AnonymousAuthenticationFilter@51297528, org.springframework.security.web.access.ExceptionTranslationFilter@55fe9c2f, org.springframework.security.web.access.intercept.AuthorizationFilter@603c2dee]
2025-01-26T23:45:28.786+05:30  INFO 12376 --- [PaperPal] [           main] c.e.PaperPal.PaperPalApplicationTests    : Started PaperPalApplicationTests in 16.728 seconds (process running for 19.631)
]]></system-out>
  </testcase>
</testsuite>